<?xml version="1.0" ?>
<!DOCTYPE coverage SYSTEM "http://cobertura.sourceforge.net/xml/coverage-04.dtd">
<coverage lines-valid="562"  lines-covered="67"  line-rate="0.1192"  branches-valid="449"  branches-covered="11"  branch-rate="0.0245"  timestamp="1468007580713" complexity="0" version="0.1">
<sources>
	<source>/Users/kennedy/Desktop/testing</source>
</sources>
<packages>
	<package name="js"  line-rate="0.0553"  branch-rate="0.0245" >
	<classes>
		<class name="sliderVertical.js"  filename="js/sliderVertical.js"  line-rate="0.0553"  branch-rate="0.0245" >
		<methods>
			<method name="(anonymous_1)"  hits="0"  signature="()V" >
				<lines><line number="5"  hits="0" /></lines>
			</method>
			<method name="(anonymous_2)"  hits="0"  signature="()V" >
				<lines><line number="11"  hits="0" /></lines>
			</method>
			<method name="deactivateAllTabs"  hits="0"  signature="()V" >
				<lines><line number="26"  hits="0" /></lines>
			</method>
			<method name="NinjaSlider"  hits="2"  signature="()V" >
				<lines><line number="59"  hits="2" /></lines>
			</method>
			<method name="(anonymous_5)"  hits="0"  signature="()V" >
				<lines><line number="61"  hits="0" /></lines>
			</method>
			<method name="(anonymous_6)"  hits="0"  signature="()V" >
				<lines><line number="65"  hits="0" /></lines>
			</method>
			<method name="(anonymous_7)"  hits="0"  signature="()V" >
				<lines><line number="72"  hits="0" /></lines>
			</method>
			<method name="(anonymous_8)"  hits="0"  signature="()V" >
				<lines><line number="79"  hits="0" /></lines>
			</method>
			<method name="(anonymous_9)"  hits="0"  signature="()V" >
				<lines><line number="83"  hits="0" /></lines>
			</method>
			<method name="(anonymous_10)"  hits="0"  signature="()V" >
				<lines><line number="87"  hits="0" /></lines>
			</method>
			<method name="(anonymous_11)"  hits="0"  signature="()V" >
				<lines><line number="92"  hits="0" /></lines>
			</method>
			<method name="(anonymous_12)"  hits="2"  signature="()V" >
				<lines><line number="97"  hits="2" /></lines>
			</method>
			<method name="(anonymous_13)"  hits="0"  signature="()V" >
				<lines><line number="105"  hits="0" /></lines>
			</method>
			<method name="(anonymous_14)"  hits="0"  signature="()V" >
				<lines><line number="109"  hits="0" /></lines>
			</method>
			<method name="(anonymous_15)"  hits="0"  signature="()V" >
				<lines><line number="113"  hits="0" /></lines>
			</method>
			<method name="(anonymous_16)"  hits="0"  signature="()V" >
				<lines><line number="130"  hits="0" /></lines>
			</method>
			<method name="(anonymous_17)"  hits="0"  signature="()V" >
				<lines><line number="146"  hits="0" /></lines>
			</method>
			<method name="(anonymous_18)"  hits="0"  signature="()V" >
				<lines><line number="159"  hits="0" /></lines>
			</method>
			<method name="(anonymous_19)"  hits="0"  signature="()V" >
				<lines><line number="173"  hits="0" /></lines>
			</method>
			<method name="(anonymous_20)"  hits="0"  signature="()V" >
				<lines><line number="188"  hits="0" /></lines>
			</method>
			<method name="(anonymous_21)"  hits="0"  signature="()V" >
				<lines><line number="196"  hits="0" /></lines>
			</method>
			<method name="(anonymous_22)"  hits="2"  signature="()V" >
				<lines><line number="213"  hits="2" /></lines>
			</method>
			<method name="(anonymous_23)"  hits="0"  signature="()V" >
				<lines><line number="218"  hits="0" /></lines>
			</method>
			<method name="(anonymous_24)"  hits="0"  signature="()V" >
				<lines><line number="222"  hits="0" /></lines>
			</method>
			<method name="(anonymous_25)"  hits="0"  signature="()V" >
				<lines><line number="228"  hits="0" /></lines>
			</method>
			<method name="(anonymous_26)"  hits="0"  signature="()V" >
				<lines><line number="233"  hits="0" /></lines>
			</method>
			<method name="(anonymous_27)"  hits="0"  signature="()V" >
				<lines><line number="239"  hits="0" /></lines>
			</method>
			<method name="(anonymous_28)"  hits="0"  signature="()V" >
				<lines><line number="246"  hits="0" /></lines>
			</method>
			<method name="(anonymous_29)"  hits="0"  signature="()V" >
				<lines><line number="249"  hits="0" /></lines>
			</method>
			<method name="(anonymous_30)"  hits="0"  signature="()V" >
				<lines><line number="253"  hits="0" /></lines>
			</method>
			<method name="(anonymous_31)"  hits="0"  signature="()V" >
				<lines><line number="256"  hits="0" /></lines>
			</method>
			<method name="(anonymous_32)"  hits="0"  signature="()V" >
				<lines><line number="262"  hits="0" /></lines>
			</method>
			<method name="(anonymous_33)"  hits="0"  signature="()V" >
				<lines><line number="267"  hits="0" /></lines>
			</method>
			<method name="(anonymous_34)"  hits="0"  signature="()V" >
				<lines><line number="272"  hits="0" /></lines>
			</method>
			<method name="(anonymous_35)"  hits="0"  signature="()V" >
				<lines><line number="281"  hits="0" /></lines>
			</method>
			<method name="(anonymous_36)"  hits="0"  signature="()V" >
				<lines><line number="284"  hits="0" /></lines>
			</method>
			<method name="(anonymous_37)"  hits="0"  signature="()V" >
				<lines><line number="307"  hits="0" /></lines>
			</method>
			<method name="(anonymous_38)"  hits="0"  signature="()V" >
				<lines><line number="316"  hits="0" /></lines>
			</method>
			<method name="(anonymous_39)"  hits="0"  signature="()V" >
				<lines><line number="320"  hits="0" /></lines>
			</method>
			<method name="(anonymous_40)"  hits="0"  signature="()V" >
				<lines><line number="326"  hits="0" /></lines>
			</method>
			<method name="(anonymous_41)"  hits="0"  signature="()V" >
				<lines><line number="335"  hits="0" /></lines>
			</method>
			<method name="(anonymous_42)"  hits="0"  signature="()V" >
				<lines><line number="338"  hits="0" /></lines>
			</method>
			<method name="(anonymous_43)"  hits="0"  signature="()V" >
				<lines><line number="344"  hits="0" /></lines>
			</method>
			<method name="(anonymous_44)"  hits="0"  signature="()V" >
				<lines><line number="350"  hits="0" /></lines>
			</method>
			<method name="(anonymous_45)"  hits="0"  signature="()V" >
				<lines><line number="392"  hits="0" /></lines>
			</method>
			<method name="(anonymous_46)"  hits="0"  signature="()V" >
				<lines><line number="401"  hits="0" /></lines>
			</method>
			<method name="(anonymous_47)"  hits="0"  signature="()V" >
				<lines><line number="424"  hits="0" /></lines>
			</method>
			<method name="(anonymous_48)"  hits="0"  signature="()V" >
				<lines><line number="428"  hits="0" /></lines>
			</method>
			<method name="(anonymous_49)"  hits="0"  signature="()V" >
				<lines><line number="432"  hits="0" /></lines>
			</method>
			<method name="(anonymous_50)"  hits="0"  signature="()V" >
				<lines><line number="433"  hits="0" /></lines>
			</method>
			<method name="(anonymous_51)"  hits="0"  signature="()V" >
				<lines><line number="439"  hits="0" /></lines>
			</method>
			<method name="(anonymous_52)"  hits="0"  signature="()V" >
				<lines><line number="441"  hits="0" /></lines>
			</method>
			<method name="(anonymous_53)"  hits="0"  signature="()V" >
				<lines><line number="445"  hits="0" /></lines>
			</method>
			<method name="(anonymous_54)"  hits="0"  signature="()V" >
				<lines><line number="448"  hits="0" /></lines>
			</method>
			<method name="(anonymous_55)"  hits="0"  signature="()V" >
				<lines><line number="449"  hits="0" /></lines>
			</method>
			<method name="(anonymous_56)"  hits="0"  signature="()V" >
				<lines><line number="454"  hits="0" /></lines>
			</method>
			<method name="(anonymous_57)"  hits="0"  signature="()V" >
				<lines><line number="460"  hits="0" /></lines>
			</method>
			<method name="(anonymous_58)"  hits="0"  signature="()V" >
				<lines><line number="466"  hits="0" /></lines>
			</method>
			<method name="(anonymous_59)"  hits="0"  signature="()V" >
				<lines><line number="476"  hits="0" /></lines>
			</method>
			<method name="tb"  hits="0"  signature="()V" >
				<lines><line number="481"  hits="0" /></lines>
			</method>
			<method name="(anonymous_61)"  hits="0"  signature="()V" >
				<lines><line number="487"  hits="0" /></lines>
			</method>
			<method name="(anonymous_62)"  hits="0"  signature="()V" >
				<lines><line number="493"  hits="0" /></lines>
			</method>
			<method name="(anonymous_63)"  hits="0"  signature="()V" >
				<lines><line number="497"  hits="0" /></lines>
			</method>
			<method name="(anonymous_64)"  hits="0"  signature="()V" >
				<lines><line number="499"  hits="0" /></lines>
			</method>
			<method name="(anonymous_65)"  hits="0"  signature="()V" >
				<lines><line number="535"  hits="0" /></lines>
			</method>
			<method name="(anonymous_66)"  hits="0"  signature="()V" >
				<lines><line number="546"  hits="0" /></lines>
			</method>
			<method name="(anonymous_67)"  hits="0"  signature="()V" >
				<lines><line number="602"  hits="0" /></lines>
			</method>
			<method name="(anonymous_68)"  hits="0"  signature="()V" >
				<lines><line number="606"  hits="0" /></lines>
			</method>
			<method name="(anonymous_69)"  hits="0"  signature="()V" >
				<lines><line number="627"  hits="0" /></lines>
			</method>
			<method name="(anonymous_70)"  hits="0"  signature="()V" >
				<lines><line number="637"  hits="0" /></lines>
			</method>
			<method name="(anonymous_71)"  hits="0"  signature="()V" >
				<lines><line number="647"  hits="0" /></lines>
			</method>
			<method name="(anonymous_72)"  hits="0"  signature="()V" >
				<lines><line number="678"  hits="0" /></lines>
			</method>
			<method name="(anonymous_73)"  hits="0"  signature="()V" >
				<lines><line number="683"  hits="0" /></lines>
			</method>
			<method name="(anonymous_74)"  hits="0"  signature="()V" >
				<lines><line number="694"  hits="0" /></lines>
			</method>
			<method name="(anonymous_75)"  hits="0"  signature="()V" >
				<lines><line number="707"  hits="0" /></lines>
			</method>
			<method name="(anonymous_76)"  hits="0"  signature="()V" >
				<lines><line number="715"  hits="0" /></lines>
			</method>
			<method name="(anonymous_77)"  hits="0"  signature="()V" >
				<lines><line number="725"  hits="0" /></lines>
			</method>
			<method name="(anonymous_78)"  hits="0"  signature="()V" >
				<lines><line number="733"  hits="0" /></lines>
			</method>
			<method name="(anonymous_79)"  hits="0"  signature="()V" >
				<lines><line number="743"  hits="0" /></lines>
			</method>
			<method name="(anonymous_80)"  hits="0"  signature="()V" >
				<lines><line number="748"  hits="0" /></lines>
			</method>
			<method name="(anonymous_81)"  hits="0"  signature="()V" >
				<lines><line number="751"  hits="0" /></lines>
			</method>
			<method name="(anonymous_82)"  hits="0"  signature="()V" >
				<lines><line number="765"  hits="0" /></lines>
			</method>
			<method name="(anonymous_83)"  hits="0"  signature="()V" >
				<lines><line number="782"  hits="0" /></lines>
			</method>
			<method name="(anonymous_84)"  hits="0"  signature="()V" >
				<lines><line number="789"  hits="0" /></lines>
			</method>
			<method name="(anonymous_85)"  hits="0"  signature="()V" >
				<lines><line number="792"  hits="0" /></lines>
			</method>
			<method name="(anonymous_86)"  hits="0"  signature="()V" >
				<lines><line number="795"  hits="0" /></lines>
			</method>
			<method name="(anonymous_87)"  hits="0"  signature="()V" >
				<lines><line number="799"  hits="0" /></lines>
			</method>
			<method name="(anonymous_88)"  hits="2"  signature="()V" >
				<lines><line number="806"  hits="2" /></lines>
			</method>
			<method name="b"  hits="0"  signature="()V" >
				<lines><line number="809"  hits="0" /></lines>
			</method>
			<method name="(anonymous_90)"  hits="0"  signature="()V" >
				<lines><line number="821"  hits="0" /></lines>
			</method>
			<method name="(anonymous_91)"  hits="0"  signature="()V" >
				<lines><line number="828"  hits="0" /></lines>
			</method>
			<method name="(anonymous_92)"  hits="0"  signature="()V" >
				<lines><line number="831"  hits="0" /></lines>
			</method>
			<method name="(anonymous_93)"  hits="0"  signature="()V" >
				<lines><line number="835"  hits="0" /></lines>
			</method>
			<method name="(anonymous_94)"  hits="0"  signature="()V" >
				<lines><line number="838"  hits="0" /></lines>
			</method>
			<method name="(anonymous_95)"  hits="0"  signature="()V" >
				<lines><line number="841"  hits="0" /></lines>
			</method>
			<method name="(anonymous_96)"  hits="0"  signature="()V" >
				<lines><line number="848"  hits="0" /></lines>
			</method>
		</methods>
		<lines>
			<line number="5"  hits="2"  branch="false" />
			<line number="6"  hits="0"  branch="false" />
			<line number="8"  hits="0"  branch="false" />
			<line number="11"  hits="0"  branch="false" />
			<line number="13"  hits="0"  branch="false" />
			<line number="15"  hits="0"  branch="true"  condition-coverage="0% (0/2)" />
			<line number="17"  hits="0"  branch="false" />
			<line number="20"  hits="0"  branch="false" />
			<line number="22"  hits="0"  branch="false" />
			<line number="23"  hits="0"  branch="false" />
			<line number="26"  hits="1"  branch="false" />
			<line number="27"  hits="0"  branch="false" />
			<line number="30"  hits="0"  branch="false" />
			<line number="31"  hits="0"  branch="false" />
			<line number="32"  hits="0"  branch="false" />
			<line number="39"  hits="2"  branch="false" />
			<line number="56"  hits="2"  branch="false" />
			<line number="59"  hits="1"  branch="false" />
			<line number="61"  hits="2"  branch="true"  condition-coverage="50% (1/2)" />
			<line number="62"  hits="0"  branch="false" />
			<line number="64"  hits="2"  branch="false" />
			<line number="66"  hits="0"  branch="false" />
			<line number="68"  hits="0"  branch="true"  condition-coverage="0% (0/2)" />
			<line number="69"  hits="0"  branch="true"  condition-coverage="0% (0/2)" />
			<line number="70"  hits="0"  branch="false" />
			<line number="73"  hits="0"  branch="false" />
			<line number="74"  hits="0"  branch="true"  condition-coverage="0% (0/4)" />
			<line number="75"  hits="0"  branch="false" />
			<line number="76"  hits="0"  branch="true"  condition-coverage="0% (0/2)" />
			<line number="80"  hits="0"  branch="true"  condition-coverage="0% (0/2)" />
			<line number="81"  hits="0"  branch="true"  condition-coverage="0% (0/2)" />
			<line number="84"  hits="0"  branch="true"  condition-coverage="0% (0/4)" />
			<line number="85"  hits="0"  branch="true"  condition-coverage="0% (0/2)" />
			<line number="88"  hits="0"  branch="true"  condition-coverage="0% (0/2)" />
			<line number="89"  hits="0"  branch="true"  condition-coverage="0% (0/2)" />
			<line number="90"  hits="0"  branch="true"  condition-coverage="0% (0/2)" />
			<line number="93"  hits="0"  branch="true"  condition-coverage="0% (0/2)" />
			<line number="94"  hits="0"  branch="false" />
			<line number="95"  hits="0"  branch="false" />
			<line number="98"  hits="2"  branch="false" />
			<line number="99"  hits="2"  branch="true"  condition-coverage="50% (1/2)" />
			<line number="100"  hits="2"  branch="false" />
			<line number="101"  hits="2"  branch="false" />
			<line number="102"  hits="2"  branch="true"  condition-coverage="50% (1/2)" />
			<line number="103"  hits="0"  branch="false" />
			<line number="106"  hits="0"  branch="false" />
			<line number="110"  hits="0"  branch="true"  condition-coverage="0% (0/2)" />
			<line number="111"  hits="0"  branch="false" />
			<line number="114"  hits="0"  branch="false" />
			<line number="127"  hits="2"  branch="true"  condition-coverage="50% (2/4)" />
			<line number="128"  hits="2"  branch="true"  condition-coverage="75% (3/4)" />
			<line number="130"  hits="2"  branch="false" />
			<line number="131"  hits="0"  branch="true"  condition-coverage="0% (0/2)" />
			<line number="132"  hits="0"  branch="true"  condition-coverage="0% (0/2)" />
			<line number="133"  hits="0"  branch="false" />
			<line number="134"  hits="0"  branch="false" />
			<line number="135"  hits="0"  branch="false" />
			<line number="136"  hits="0"  branch="true"  condition-coverage="0% (0/2)" />
			<line number="137"  hits="0"  branch="false" />
			<line number="138"  hits="0"  branch="false" />
			<line number="139"  hits="0"  branch="false" />
			<line number="141"  hits="0"  branch="false" />
			<line number="142"  hits="0"  branch="false" />
			<line number="143"  hits="0"  branch="false" />
			<line number="145"  hits="0"  branch="false" />
			<line number="147"  hits="0"  branch="true"  condition-coverage="0% (0/3)" />
			<line number="149"  hits="0"  branch="false" />
			<line number="150"  hits="0"  branch="false" />
			<line number="152"  hits="0"  branch="false" />
			<line number="153"  hits="0"  branch="false" />
			<line number="155"  hits="0"  branch="false" />
			<line number="157"  hits="0"  branch="false" />
			<line number="160"  hits="0"  branch="false" />
			<line number="161"  hits="0"  branch="true"  condition-coverage="0% (0/4)" />
			<line number="162"  hits="0"  branch="true"  condition-coverage="0% (0/2)" />
			<line number="163"  hits="0"  branch="false" />
			<line number="168"  hits="0"  branch="false" />
			<line number="169"  hits="0"  branch="false" />
			<line number="170"  hits="0"  branch="false" />
			<line number="171"  hits="0"  branch="false" />
			<line number="174"  hits="0"  branch="true"  condition-coverage="0% (0/6)" />
			<line number="175"  hits="0"  branch="true"  condition-coverage="0% (0/2)" />
			<line number="176"  hits="0"  branch="false" />
			<line number="180"  hits="0"  branch="true"  condition-coverage="0% (0/4)" />
			<line number="181"  hits="0"  branch="true"  condition-coverage="0% (0/4)" />
			<line number="182"  hits="0"  branch="true"  condition-coverage="0% (0/2)" />
			<line number="183"  hits="0"  branch="false" />
			<line number="184"  hits="0"  branch="false" />
			<line number="185"  hits="0"  branch="false" />
			<line number="189"  hits="0"  branch="false" />
			<line number="191"  hits="0"  branch="true"  condition-coverage="0% (0/4)" />
			<line number="192"  hits="0"  branch="true"  condition-coverage="0% (0/2)" />
			<line number="193"  hits="0"  branch="true"  condition-coverage="0% (0/2)" />
			<line number="194"  hits="0"  branch="true"  condition-coverage="0% (0/2)" />
			<line number="195"  hits="0"  branch="false" />
			<line number="196"  hits="0"  branch="false" />
			<line number="197"  hits="0"  branch="false" />
			<line number="200"  hits="0"  branch="false" />
			<line number="201"  hits="0"  branch="false" />
			<line number="203"  hits="0"  branch="false" />
			<line number="204"  hits="0"  branch="false" />
			<line number="207"  hits="0"  branch="false" />
			<line number="214"  hits="2"  branch="false" />
			<line number="217"  hits="2"  branch="false" />
			<line number="218"  hits="2"  branch="false" />
			<line number="219"  hits="0"  branch="false" />
			<line number="220"  hits="0"  branch="false" />
			<line number="223"  hits="0"  branch="false" />
			<line number="224"  hits="0"  branch="false" />
			<line number="225"  hits="0"  branch="true"  condition-coverage="0% (0/2)" />
			<line number="226"  hits="0"  branch="false" />
			<line number="229"  hits="0"  branch="false" />
			<line number="230"  hits="0"  branch="true"  condition-coverage="0% (0/4)" />
			<line number="231"  hits="0"  branch="false" />
			<line number="234"  hits="0"  branch="true"  condition-coverage="0% (0/2)" />
			<line number="235"  hits="0"  branch="true"  condition-coverage="0% (0/2)" />
			<line number="236"  hits="0"  branch="true"  condition-coverage="0% (0/2)" />
			<line number="237"  hits="0"  branch="false" />
			<line number="240"  hits="0"  branch="true"  condition-coverage="0% (0/2)" />
			<line number="241"  hits="0"  branch="false" />
			<line number="242"  hits="0"  branch="true"  condition-coverage="0% (0/2)" />
			<line number="243"  hits="0"  branch="false" />
			<line number="247"  hits="0"  branch="false" />
			<line number="250"  hits="0"  branch="false" />
			<line number="251"  hits="0"  branch="false" />
			<line number="254"  hits="0"  branch="false" />
			<line number="255"  hits="0"  branch="false" />
			<line number="256"  hits="0"  branch="true"  condition-coverage="0% (0/2)" />
			<line number="257"  hits="0"  branch="false" />
			<line number="258"  hits="0"  branch="true"  condition-coverage="0% (0/2)" />
			<line number="263"  hits="0"  branch="false" />
			<line number="264"  hits="0"  branch="false" />
			<line number="265"  hits="0"  branch="false" />
			<line number="268"  hits="0"  branch="false" />
			<line number="269"  hits="0"  branch="false" />
			<line number="270"  hits="0"  branch="false" />
			<line number="273"  hits="0"  branch="false" />
			<line number="275"  hits="0"  branch="false" />
			<line number="276"  hits="0"  branch="false" />
			<line number="277"  hits="0"  branch="false" />
			<line number="278"  hits="0"  branch="false" />
			<line number="279"  hits="0"  branch="false" />
			<line number="282"  hits="0"  branch="false" />
			<line number="285"  hits="0"  branch="true"  condition-coverage="0% (0/2)" />
			<line number="288"  hits="0"  branch="true"  condition-coverage="0% (0/2)" />
			<line number="289"  hits="0"  branch="false" />
			<line number="291"  hits="0"  branch="false" />
			<line number="294"  hits="0"  branch="false" />
			<line number="295"  hits="0"  branch="false" />
			<line number="296"  hits="0"  branch="false" />
			<line number="297"  hits="0"  branch="false" />
			<line number="298"  hits="0"  branch="true"  condition-coverage="0% (0/2)" />
			<line number="299"  hits="0"  branch="false" />
			<line number="300"  hits="0"  branch="false" />
			<line number="301"  hits="0"  branch="false" />
			<line number="302"  hits="0"  branch="false" />
			<line number="303"  hits="0"  branch="false" />
			<line number="305"  hits="0"  branch="false" />
			<line number="308"  hits="0"  branch="false" />
			<line number="309"  hits="0"  branch="false" />
			<line number="310"  hits="0"  branch="false" />
			<line number="311"  hits="0"  branch="false" />
			<line number="312"  hits="0"  branch="false" />
			<line number="313"  hits="0"  branch="false" />
			<line number="314"  hits="0"  branch="false" />
			<line number="317"  hits="0"  branch="false" />
			<line number="318"  hits="0"  branch="false" />
			<line number="321"  hits="0"  branch="false" />
			<line number="323"  hits="0"  branch="false" />
			<line number="324"  hits="0"  branch="false" />
			<line number="327"  hits="0"  branch="false" />
			<line number="328"  hits="0"  branch="true"  condition-coverage="0% (0/2)" />
			<line number="336"  hits="0"  branch="true"  condition-coverage="0% (0/4)" />
			<line number="339"  hits="0"  branch="true"  condition-coverage="0% (0/2)" />
			<line number="340"  hits="0"  branch="false" />
			<line number="341"  hits="0"  branch="true"  condition-coverage="0% (0/2)" />
			<line number="345"  hits="0"  branch="true"  condition-coverage="0% (0/4)" />
			<line number="346"  hits="0"  branch="false" />
			<line number="347"  hits="0"  branch="true"  condition-coverage="0% (0/2)" />
			<line number="351"  hits="0"  branch="true"  condition-coverage="0% (0/2)" />
			<line number="352"  hits="0"  branch="false" />
			<line number="354"  hits="0"  branch="true"  condition-coverage="0% (0/2)" />
			<line number="355"  hits="0"  branch="true"  condition-coverage="0% (0/2)" />
			<line number="356"  hits="0"  branch="true"  condition-coverage="0% (0/2)" />
			<line number="357"  hits="0"  branch="false" />
			<line number="358"  hits="0"  branch="true"  condition-coverage="0% (0/2)" />
			<line number="359"  hits="0"  branch="false" />
			<line number="360"  hits="0"  branch="false" />
			<line number="361"  hits="0"  branch="true"  condition-coverage="0% (0/2)" />
			<line number="362"  hits="0"  branch="false" />
			<line number="363"  hits="0"  branch="true"  condition-coverage="0% (0/2)" />
			<line number="364"  hits="0"  branch="true"  condition-coverage="0% (0/2)" />
			<line number="365"  hits="0"  branch="true"  condition-coverage="0% (0/4)" />
			<line number="366"  hits="0"  branch="false" />
			<line number="367"  hits="0"  branch="false" />
			<line number="372"  hits="0"  branch="false" />
			<line number="373"  hits="0"  branch="true"  condition-coverage="0% (0/2)" />
			<line number="375"  hits="0"  branch="true"  condition-coverage="0% (0/2)" />
			<line number="376"  hits="0"  branch="false" />
			<line number="377"  hits="0"  branch="true"  condition-coverage="0% (0/2)" />
			<line number="378"  hits="0"  branch="false" />
			<line number="379"  hits="0"  branch="false" />
			<line number="380"  hits="0"  branch="true"  condition-coverage="0% (0/2)" />
			<line number="382"  hits="0"  branch="false" />
			<line number="383"  hits="0"  branch="true"  condition-coverage="0% (0/4)" />
			<line number="384"  hits="0"  branch="false" />
			<line number="385"  hits="0"  branch="false" />
			<line number="388"  hits="0"  branch="true"  condition-coverage="0% (0/2)" />
			<line number="389"  hits="0"  branch="true"  condition-coverage="0% (0/2)" />
			<line number="390"  hits="0"  branch="false" />
			<line number="391"  hits="0"  branch="false" />
			<line number="392"  hits="0"  branch="false" />
			<line number="393"  hits="0"  branch="false" />
			<line number="394"  hits="0"  branch="true"  condition-coverage="0% (0/2)" />
			<line number="395"  hits="0"  branch="true"  condition-coverage="0% (0/4)" />
			<line number="396"  hits="0"  branch="true"  condition-coverage="0% (0/2)" />
			<line number="397"  hits="0"  branch="true"  condition-coverage="0% (0/4)" />
			<line number="398"  hits="0"  branch="false" />
			<line number="400"  hits="0"  branch="true"  condition-coverage="0% (0/2)" />
			<line number="401"  hits="0"  branch="false" />
			<line number="402"  hits="0"  branch="false" />
			<line number="406"  hits="0"  branch="false" />
			<line number="407"  hits="0"  branch="true"  condition-coverage="0% (0/2)" />
			<line number="408"  hits="0"  branch="false" />
			<line number="409"  hits="0"  branch="false" />
			<line number="410"  hits="0"  branch="true"  condition-coverage="0% (0/2)" />
			<line number="411"  hits="0"  branch="true"  condition-coverage="0% (0/2)" />
			<line number="412"  hits="0"  branch="false" />
			<line number="414"  hits="0"  branch="false" />
			<line number="415"  hits="0"  branch="false" />
			<line number="416"  hits="0"  branch="false" />
			<line number="417"  hits="0"  branch="false" />
			<line number="420"  hits="0"  branch="false" />
			<line number="422"  hits="0"  branch="true"  condition-coverage="0% (0/3)" />
			<line number="425"  hits="0"  branch="false" />
			<line number="426"  hits="0"  branch="true"  condition-coverage="0% (0/2)" />
			<line number="429"  hits="0"  branch="true"  condition-coverage="0% (0/2)" />
			<line number="430"  hits="0"  branch="false" />
			<line number="433"  hits="0"  branch="false" />
			<line number="434"  hits="0"  branch="false" />
			<line number="436"  hits="0"  branch="false" />
			<line number="437"  hits="0"  branch="false" />
			<line number="440"  hits="0"  branch="true"  condition-coverage="0% (0/4)" />
			<line number="441"  hits="0"  branch="true"  condition-coverage="0% (0/2)" />
			<line number="442"  hits="0"  branch="false" />
			<line number="446"  hits="0"  branch="true"  condition-coverage="0% (0/2)" />
			<line number="449"  hits="0"  branch="false" />
			<line number="450"  hits="0"  branch="false" />
			<line number="451"  hits="0"  branch="false" />
			<line number="455"  hits="0"  branch="true"  condition-coverage="0% (0/4)" />
			<line number="456"  hits="0"  branch="true"  condition-coverage="0% (0/2)" />
			<line number="457"  hits="0"  branch="true"  condition-coverage="0% (0/3)" />
			<line number="458"  hits="0"  branch="false" />
			<line number="461"  hits="0"  branch="false" />
			<line number="462"  hits="0"  branch="true"  condition-coverage="0% (0/2)" />
			<line number="463"  hits="0"  branch="true"  condition-coverage="0% (0/2)" />
			<line number="464"  hits="0"  branch="false" />
			<line number="467"  hits="0"  branch="true"  condition-coverage="0% (0/2)" />
			<line number="468"  hits="0"  branch="true"  condition-coverage="0% (0/2)" />
			<line number="469"  hits="0"  branch="true"  condition-coverage="0% (0/4)" />
			<line number="470"  hits="0"  branch="false" />
			<line number="471"  hits="0"  branch="false" />
			<line number="473"  hits="0"  branch="false" />
			<line number="474"  hits="0"  branch="false" />
			<line number="477"  hits="0"  branch="false" />
			<line number="478"  hits="0"  branch="false" />
			<line number="481"  hits="1"  branch="false" />
			<line number="482"  hits="0"  branch="true"  condition-coverage="0% (0/2)" />
			<line number="483"  hits="0"  branch="false" />
			<line number="484"  hits="0"  branch="true"  condition-coverage="0% (0/2)" />
			<line number="485"  hits="0"  branch="true"  condition-coverage="0% (0/2)" />
			<line number="487"  hits="2"  branch="false" />
			<line number="488"  hits="0"  branch="false" />
			<line number="489"  hits="0"  branch="false" />
			<line number="490"  hits="0"  branch="false" />
			<line number="491"  hits="0"  branch="false" />
			<line number="492"  hits="0"  branch="true"  condition-coverage="0% (0/4)" />
			<line number="493"  hits="0"  branch="false" />
			<line number="494"  hits="0"  branch="false" />
			<line number="495"  hits="0"  branch="false" />
			<line number="497"  hits="0"  branch="false" />
			<line number="498"  hits="0"  branch="true"  condition-coverage="0% (0/4)" />
			<line number="499"  hits="0"  branch="false" />
			<line number="500"  hits="0"  branch="false" />
			<line number="504"  hits="0"  branch="true"  condition-coverage="0% (0/2)" />
			<line number="505"  hits="0"  branch="false" />
			<line number="506"  hits="0"  branch="false" />
			<line number="507"  hits="0"  branch="true"  condition-coverage="0% (0/2)" />
			<line number="508"  hits="0"  branch="true"  condition-coverage="0% (0/2)" />
			<line number="509"  hits="0"  branch="false" />
			<line number="510"  hits="0"  branch="false" />
			<line number="511"  hits="0"  branch="true"  condition-coverage="0% (0/2)" />
			<line number="512"  hits="0"  branch="true"  condition-coverage="0% (0/2)" />
			<line number="513"  hits="0"  branch="true"  condition-coverage="0% (0/4)" />
			<line number="514"  hits="0"  branch="true"  condition-coverage="0% (0/2)" />
			<line number="515"  hits="0"  branch="true"  condition-coverage="0% (0/2)" />
			<line number="516"  hits="0"  branch="true"  condition-coverage="0% (0/2)" />
			<line number="517"  hits="0"  branch="false" />
			<line number="518"  hits="0"  branch="false" />
			<line number="519"  hits="0"  branch="false" />
			<line number="520"  hits="0"  branch="true"  condition-coverage="0% (0/4)" />
			<line number="521"  hits="0"  branch="false" />
			<line number="522"  hits="0"  branch="false" />
			<line number="523"  hits="0"  branch="false" />
			<line number="524"  hits="0"  branch="false" />
			<line number="525"  hits="0"  branch="false" />
			<line number="527"  hits="0"  branch="false" />
			<line number="528"  hits="0"  branch="false" />
			<line number="530"  hits="0"  branch="true"  condition-coverage="0% (0/4)" />
			<line number="531"  hits="0"  branch="true"  condition-coverage="0% (0/2)" />
			<line number="533"  hits="0"  branch="false" />
			<line number="534"  hits="0"  branch="false" />
			<line number="535"  hits="0"  branch="false" />
			<line number="536"  hits="0"  branch="true"  condition-coverage="0% (0/2)" />
			<line number="538"  hits="0"  branch="false" />
			<line number="539"  hits="0"  branch="false" />
			<line number="542"  hits="0"  branch="false" />
			<line number="544"  hits="0"  branch="true"  condition-coverage="0% (0/3)" />
			<line number="547"  hits="0"  branch="false" />
			<line number="548"  hits="0"  branch="false" />
			<line number="549"  hits="0"  branch="false" />
			<line number="550"  hits="0"  branch="false" />
			<line number="551"  hits="0"  branch="false" />
			<line number="552"  hits="0"  branch="false" />
			<line number="553"  hits="0"  branch="false" />
			<line number="554"  hits="0"  branch="false" />
			<line number="555"  hits="0"  branch="false" />
			<line number="556"  hits="0"  branch="false" />
			<line number="557"  hits="0"  branch="false" />
			<line number="558"  hits="0"  branch="false" />
			<line number="559"  hits="0"  branch="false" />
			<line number="560"  hits="0"  branch="true"  condition-coverage="0% (0/2)" />
			<line number="561"  hits="0"  branch="false" />
			<line number="562"  hits="0"  branch="false" />
			<line number="563"  hits="0"  branch="false" />
			<line number="564"  hits="0"  branch="true"  condition-coverage="0% (0/2)" />
			<line number="566"  hits="0"  branch="false" />
			<line number="567"  hits="0"  branch="true"  condition-coverage="0% (0/2)" />
			<line number="568"  hits="0"  branch="true"  condition-coverage="0% (0/2)" />
			<line number="569"  hits="0"  branch="true"  condition-coverage="0% (0/2)" />
			<line number="570"  hits="0"  branch="false" />
			<line number="571"  hits="0"  branch="false" />
			<line number="573"  hits="0"  branch="false" />
			<line number="574"  hits="0"  branch="true"  condition-coverage="0% (0/6)" />
			<line number="577"  hits="0"  branch="false" />
			<line number="578"  hits="0"  branch="false" />
			<line number="580"  hits="0"  branch="false" />
			<line number="581"  hits="0"  branch="false" />
			<line number="583"  hits="0"  branch="false" />
			<line number="585"  hits="0"  branch="false" />
			<line number="586"  hits="0"  branch="true"  condition-coverage="0% (0/6)" />
			<line number="589"  hits="0"  branch="false" />
			<line number="590"  hits="0"  branch="false" />
			<line number="592"  hits="0"  branch="false" />
			<line number="593"  hits="0"  branch="false" />
			<line number="595"  hits="0"  branch="false" />
			<line number="597"  hits="0"  branch="false" />
			<line number="598"  hits="0"  branch="false" />
			<line number="599"  hits="0"  branch="true"  condition-coverage="0% (0/2)" />
			<line number="600"  hits="0"  branch="false" />
			<line number="603"  hits="0"  branch="true"  condition-coverage="0% (0/4)" />
			<line number="604"  hits="0"  branch="false" />
			<line number="607"  hits="0"  branch="false" />
			<line number="612"  hits="0"  branch="true"  condition-coverage="0% (0/2)" />
			<line number="613"  hits="0"  branch="true"  condition-coverage="0% (0/2)" />
			<line number="614"  hits="0"  branch="false" />
			<line number="615"  hits="0"  branch="true"  condition-coverage="0% (0/2)" />
			<line number="616"  hits="0"  branch="true"  condition-coverage="0% (0/2)" />
			<line number="617"  hits="0"  branch="false" />
			<line number="618"  hits="0"  branch="true"  condition-coverage="0% (0/2)" />
			<line number="619"  hits="0"  branch="true"  condition-coverage="0% (0/2)" />
			<line number="620"  hits="0"  branch="false" />
			<line number="621"  hits="0"  branch="false" />
			<line number="622"  hits="0"  branch="true"  condition-coverage="0% (0/2)" />
			<line number="623"  hits="0"  branch="false" />
			<line number="624"  hits="0"  branch="false" />
			<line number="628"  hits="0"  branch="true"  condition-coverage="0% (0/2)" />
			<line number="629"  hits="0"  branch="false" />
			<line number="630"  hits="0"  branch="true"  condition-coverage="0% (0/2)" />
			<line number="631"  hits="0"  branch="false" />
			<line number="632"  hits="0"  branch="false" />
			<line number="633"  hits="0"  branch="false" />
			<line number="638"  hits="0"  branch="false" />
			<line number="639"  hits="0"  branch="true"  condition-coverage="0% (0/5)" />
			<line number="640"  hits="0"  branch="false" />
			<line number="641"  hits="0"  branch="false" />
			<line number="642"  hits="0"  branch="false" />
			<line number="643"  hits="0"  branch="true"  condition-coverage="0% (0/4)" />
			<line number="644"  hits="0"  branch="true"  condition-coverage="0% (0/2)" />
			<line number="645"  hits="0"  branch="true"  condition-coverage="0% (0/5)" />
			<line number="646"  hits="0"  branch="false" />
			<line number="647"  hits="0"  branch="false" />
			<line number="648"  hits="0"  branch="false" />
			<line number="650"  hits="0"  branch="false" />
			<line number="651"  hits="0"  branch="true"  condition-coverage="0% (0/3)" />
			<line number="653"  hits="0"  branch="true"  condition-coverage="0% (0/2)" />
			<line number="654"  hits="0"  branch="true"  condition-coverage="0% (0/5)" />
			<line number="655"  hits="0"  branch="true"  condition-coverage="0% (0/2)" />
			<line number="656"  hits="0"  branch="true"  condition-coverage="0% (0/3)" />
			<line number="657"  hits="0"  branch="true"  condition-coverage="0% (0/5)" />
			<line number="658"  hits="0"  branch="true"  condition-coverage="0% (0/4)" />
			<line number="659"  hits="0"  branch="true"  condition-coverage="0% (0/2)" />
			<line number="660"  hits="0"  branch="false" />
			<line number="661"  hits="0"  branch="false" />
			<line number="663"  hits="0"  branch="false" />
			<line number="664"  hits="0"  branch="false" />
			<line number="666"  hits="0"  branch="false" />
			<line number="668"  hits="0"  branch="false" />
			<line number="669"  hits="0"  branch="true"  condition-coverage="0% (0/5)" />
			<line number="671"  hits="0"  branch="false" />
			<line number="672"  hits="0"  branch="false" />
			<line number="673"  hits="0"  branch="false" />
			<line number="674"  hits="0"  branch="false" />
			<line number="675"  hits="0"  branch="false" />
			<line number="676"  hits="0"  branch="true"  condition-coverage="0% (0/4)" />
			<line number="677"  hits="0"  branch="true"  condition-coverage="0% (0/2)" />
			<line number="678"  hits="0"  branch="true"  condition-coverage="0% (0/2)" />
			<line number="679"  hits="0"  branch="false" />
			<line number="682"  hits="2"  branch="false" />
			<line number="684"  hits="0"  branch="false" />
			<line number="686"  hits="0"  branch="false" />
			<line number="687"  hits="0"  branch="false" />
			<line number="688"  hits="0"  branch="false" />
			<line number="689"  hits="0"  branch="false" />
			<line number="690"  hits="0"  branch="false" />
			<line number="691"  hits="0"  branch="true"  condition-coverage="0% (0/2)" />
			<line number="695"  hits="0"  branch="false" />
			<line number="696"  hits="0"  branch="false" />
			<line number="697"  hits="0"  branch="false" />
			<line number="698"  hits="0"  branch="true"  condition-coverage="0% (0/2)" />
			<line number="699"  hits="0"  branch="false" />
			<line number="700"  hits="0"  branch="false" />
			<line number="701"  hits="0"  branch="true"  condition-coverage="0% (0/2)" />
			<line number="702"  hits="0"  branch="false" />
			<line number="703"  hits="0"  branch="false" />
			<line number="705"  hits="0"  branch="true"  condition-coverage="0% (0/2)" />
			<line number="708"  hits="0"  branch="true"  condition-coverage="0% (0/2)" />
			<line number="709"  hits="0"  branch="false" />
			<line number="711"  hits="0"  branch="false" />
			<line number="712"  hits="0"  branch="false" />
			<line number="713"  hits="0"  branch="false" />
			<line number="716"  hits="0"  branch="false" />
			<line number="718"  hits="0"  branch="true"  condition-coverage="0% (0/2)" />
			<line number="719"  hits="0"  branch="false" />
			<line number="720"  hits="0"  branch="false" />
			<line number="721"  hits="0"  branch="false" />
			<line number="723"  hits="0"  branch="true"  condition-coverage="0% (0/2)" />
			<line number="724"  hits="0"  branch="false" />
			<line number="725"  hits="0"  branch="true"  condition-coverage="0% (0/2)" />
			<line number="726"  hits="0"  branch="false" />
			<line number="727"  hits="0"  branch="false" />
			<line number="728"  hits="0"  branch="false" />
			<line number="731"  hits="0"  branch="false" />
			<line number="734"  hits="0"  branch="true"  condition-coverage="0% (0/2)" />
			<line number="735"  hits="0"  branch="false" />
			<line number="736"  hits="0"  branch="true"  condition-coverage="0% (0/2)" />
			<line number="737"  hits="0"  branch="false" />
			<line number="738"  hits="0"  branch="false" />
			<line number="740"  hits="0"  branch="false" />
			<line number="741"  hits="0"  branch="false" />
			<line number="742"  hits="0"  branch="true"  condition-coverage="0% (0/2)" />
			<line number="743"  hits="0"  branch="false" />
			<line number="744"  hits="0"  branch="false" />
			<line number="745"  hits="0"  branch="true"  condition-coverage="0% (0/2)" />
			<line number="748"  hits="0"  branch="false" />
			<line number="749"  hits="0"  branch="false" />
			<line number="751"  hits="0"  branch="false" />
			<line number="752"  hits="0"  branch="false" />
			<line number="754"  hits="0"  branch="false" />
			<line number="756"  hits="0"  branch="false" />
			<line number="758"  hits="0"  branch="true"  condition-coverage="0% (0/2)" />
			<line number="759"  hits="0"  branch="false" />
			<line number="760"  hits="0"  branch="true"  condition-coverage="0% (0/2)" />
			<line number="761"  hits="0"  branch="false" />
			<line number="762"  hits="0"  branch="false" />
			<line number="764"  hits="0"  branch="true"  condition-coverage="0% (0/2)" />
			<line number="765"  hits="0"  branch="false" />
			<line number="766"  hits="0"  branch="false" />
			<line number="767"  hits="0"  branch="true"  condition-coverage="0% (0/2)" />
			<line number="768"  hits="0"  branch="false" />
			<line number="769"  hits="0"  branch="false" />
			<line number="771"  hits="0"  branch="false" />
			<line number="772"  hits="0"  branch="false" />
			<line number="774"  hits="0"  branch="true"  condition-coverage="0% (0/2)" />
			<line number="775"  hits="0"  branch="false" />
			<line number="776"  hits="0"  branch="false" />
			<line number="777"  hits="0"  branch="true"  condition-coverage="0% (0/2)" />
			<line number="778"  hits="0"  branch="true"  condition-coverage="0% (0/4)" />
			<line number="779"  hits="0"  branch="true"  condition-coverage="0% (0/2)" />
			<line number="782"  hits="0"  branch="false" />
			<line number="783"  hits="0"  branch="true"  condition-coverage="0% (0/3)" />
			<line number="790"  hits="0"  branch="false" />
			<line number="793"  hits="0"  branch="false" />
			<line number="796"  hits="0"  branch="true"  condition-coverage="0% (0/2)" />
			<line number="799"  hits="2"  branch="false" />
			<line number="800"  hits="0"  branch="false" />
			<line number="801"  hits="0"  branch="true"  condition-coverage="0% (0/2)" />
			<line number="802"  hits="0"  branch="false" />
			<line number="803"  hits="0"  branch="true"  condition-coverage="0% (0/2)" />
			<line number="807"  hits="2"  branch="false" />
			<line number="809"  hits="1"  branch="false" />
			<line number="810"  hits="0"  branch="true"  condition-coverage="0% (0/2)" />
			<line number="811"  hits="0"  branch="false" />
			<line number="812"  hits="0"  branch="false" />
			<line number="814"  hits="2"  branch="true"  condition-coverage="50% (1/2)" />
			<line number="815"  hits="0"  branch="false" />
			<line number="817"  hits="2"  branch="true"  condition-coverage="50% (1/2)" />
			<line number="818"  hits="2"  branch="true"  condition-coverage="50% (1/2)" />
			<line number="819"  hits="2"  branch="false" />
			<line number="820"  hits="2"  branch="false" />
			<line number="822"  hits="0"  branch="true"  condition-coverage="0% (0/2)" />
			<line number="823"  hits="0"  branch="true"  condition-coverage="0% (0/2)" />
			<line number="824"  hits="0"  branch="false" />
			<line number="825"  hits="0"  branch="false" />
			<line number="829"  hits="0"  branch="false" />
			<line number="832"  hits="0"  branch="false" />
			<line number="836"  hits="0"  branch="false" />
			<line number="839"  hits="0"  branch="false" />
			<line number="842"  hits="0"  branch="true"  condition-coverage="0% (0/2)" />
			<line number="843"  hits="0"  branch="true"  condition-coverage="0% (0/2)" />
			<line number="844"  hits="0"  branch="false" />
			<line number="845"  hits="0"  branch="false" />
			<line number="849"  hits="0"  branch="true"  condition-coverage="0% (0/2)" />
			<line number="850"  hits="0"  branch="true"  condition-coverage="0% (0/2)" />
		</lines>
		</class>
	</classes>
	</package>
	<package name="spec"  line-rate="1"  branch-rate="1" >
	<classes>
		<class name="helloWorld.js"  filename="spec/helloWorld.js"  line-rate="1"  branch-rate="1" >
		<methods>
			<method name="(anonymous_1)"  hits="1"  signature="()V" >
				<lines><line number="1"  hits="1" /></lines>
			</method>
			<method name="(anonymous_2)"  hits="1"  signature="()V" >
				<lines><line number="2"  hits="1" /></lines>
			</method>
			<method name="(anonymous_3)"  hits="1"  signature="()V" >
				<lines><line number="8"  hits="1" /></lines>
			</method>
			<method name="(anonymous_4)"  hits="1"  signature="()V" >
				<lines><line number="9"  hits="1" /></lines>
			</method>
			<method name="(anonymous_5)"  hits="1"  signature="()V" >
				<lines><line number="14"  hits="1" /></lines>
			</method>
			<method name="(anonymous_6)"  hits="1"  signature="()V" >
				<lines><line number="15"  hits="1" /></lines>
			</method>
			<method name="(anonymous_7)"  hits="1"  signature="()V" >
				<lines><line number="25"  hits="1" /></lines>
			</method>
			<method name="(anonymous_8)"  hits="1"  signature="()V" >
				<lines><line number="38"  hits="1" /></lines>
			</method>
			<method name="(anonymous_9)"  hits="1"  signature="()V" >
				<lines><line number="39"  hits="1" /></lines>
			</method>
			<method name="(anonymous_10)"  hits="1"  signature="()V" >
				<lines><line number="44"  hits="1" /></lines>
			</method>
			<method name="(anonymous_11)"  hits="1"  signature="()V" >
				<lines><line number="45"  hits="1" /></lines>
			</method>
			<method name="(anonymous_12)"  hits="1"  signature="()V" >
				<lines><line number="53"  hits="1" /></lines>
			</method>
			<method name="(anonymous_13)"  hits="1"  signature="()V" >
				<lines><line number="59"  hits="1" /></lines>
			</method>
			<method name="(anonymous_14)"  hits="1"  signature="()V" >
				<lines><line number="65"  hits="1" /></lines>
			</method>
		</methods>
		<lines>
			<line number="1"  hits="1"  branch="false" />
			<line number="2"  hits="1"  branch="false" />
			<line number="3"  hits="1"  branch="false" />
			<line number="4"  hits="1"  branch="false" />
			<line number="8"  hits="1"  branch="false" />
			<line number="9"  hits="1"  branch="false" />
			<line number="10"  hits="1"  branch="false" />
			<line number="11"  hits="1"  branch="false" />
			<line number="14"  hits="1"  branch="false" />
			<line number="15"  hits="1"  branch="false" />
			<line number="16"  hits="1"  branch="false" />
			<line number="17"  hits="1"  branch="false" />
			<line number="20"  hits="1"  branch="false" />
			<line number="21"  hits="1"  branch="false" />
			<line number="25"  hits="1"  branch="false" />
			<line number="26"  hits="1"  branch="false" />
			<line number="27"  hits="1"  branch="false" />
			<line number="30"  hits="1"  branch="false" />
			<line number="31"  hits="1"  branch="false" />
			<line number="38"  hits="1"  branch="false" />
			<line number="39"  hits="1"  branch="false" />
			<line number="40"  hits="1"  branch="false" />
			<line number="41"  hits="1"  branch="false" />
			<line number="44"  hits="1"  branch="false" />
			<line number="45"  hits="1"  branch="false" />
			<line number="46"  hits="1"  branch="false" />
			<line number="47"  hits="1"  branch="false" />
			<line number="53"  hits="1"  branch="false" />
			<line number="54"  hits="1"  branch="false" />
			<line number="55"  hits="1"  branch="false" />
			<line number="56"  hits="1"  branch="false" />
			<line number="57"  hits="1"  branch="false" />
			<line number="59"  hits="1"  branch="false" />
			<line number="60"  hits="1"  branch="false" />
			<line number="62"  hits="1"  branch="false" />
			<line number="65"  hits="1"  branch="false" />
			<line number="66"  hits="1"  branch="false" />
			<line number="67"  hits="1"  branch="false" />
		</lines>
		</class>
	</classes>
	</package>
</packages>
</coverage>
