TN:
SF:/Users/kennedy/Desktop/testing/spec/helloWorld.js
FN:1,(anonymous_1)
FN:2,(anonymous_2)
FN:8,(anonymous_3)
FN:9,(anonymous_4)
FN:14,(anonymous_5)
FN:15,(anonymous_6)
FN:25,(anonymous_7)
FN:38,(anonymous_8)
FN:39,(anonymous_9)
FN:44,(anonymous_10)
FN:45,(anonymous_11)
FN:53,(anonymous_12)
FN:59,(anonymous_13)
FN:65,(anonymous_14)
FNF:14
FNH:14
FNDA:1,(anonymous_1)
FNDA:1,(anonymous_2)
FNDA:1,(anonymous_3)
FNDA:1,(anonymous_4)
FNDA:1,(anonymous_5)
FNDA:1,(anonymous_6)
FNDA:1,(anonymous_7)
FNDA:1,(anonymous_8)
FNDA:1,(anonymous_9)
FNDA:1,(anonymous_10)
FNDA:1,(anonymous_11)
FNDA:1,(anonymous_12)
FNDA:1,(anonymous_13)
FNDA:1,(anonymous_14)
DA:1,1
DA:2,1
DA:3,1
DA:4,1
DA:8,1
DA:9,1
DA:10,1
DA:11,1
DA:14,1
DA:15,1
DA:16,1
DA:17,1
DA:20,1
DA:21,1
DA:25,1
DA:26,1
DA:27,1
DA:30,1
DA:31,1
DA:38,1
DA:39,1
DA:40,1
DA:41,1
DA:44,1
DA:45,1
DA:46,1
DA:47,1
DA:53,1
DA:54,1
DA:55,1
DA:56,1
DA:57,1
DA:59,1
DA:60,1
DA:62,1
DA:65,1
DA:66,1
DA:67,1
LF:38
LH:38
BRF:0
BRH:0
end_of_record
TN:
SF:/Users/kennedy/Desktop/testing/js/sliderVertical.js
FN:5,(anonymous_1)
FN:11,(anonymous_2)
FN:26,deactivateAllTabs
FN:59,NinjaSlider
FN:61,(anonymous_5)
FN:65,(anonymous_6)
FN:72,(anonymous_7)
FN:79,(anonymous_8)
FN:83,(anonymous_9)
FN:87,(anonymous_10)
FN:92,(anonymous_11)
FN:97,(anonymous_12)
FN:105,(anonymous_13)
FN:109,(anonymous_14)
FN:113,(anonymous_15)
FN:130,(anonymous_16)
FN:146,(anonymous_17)
FN:159,(anonymous_18)
FN:173,(anonymous_19)
FN:188,(anonymous_20)
FN:196,(anonymous_21)
FN:213,(anonymous_22)
FN:218,(anonymous_23)
FN:222,(anonymous_24)
FN:228,(anonymous_25)
FN:233,(anonymous_26)
FN:239,(anonymous_27)
FN:246,(anonymous_28)
FN:249,(anonymous_29)
FN:253,(anonymous_30)
FN:256,(anonymous_31)
FN:262,(anonymous_32)
FN:267,(anonymous_33)
FN:272,(anonymous_34)
FN:281,(anonymous_35)
FN:284,(anonymous_36)
FN:307,(anonymous_37)
FN:316,(anonymous_38)
FN:320,(anonymous_39)
FN:326,(anonymous_40)
FN:335,(anonymous_41)
FN:338,(anonymous_42)
FN:344,(anonymous_43)
FN:350,(anonymous_44)
FN:392,(anonymous_45)
FN:401,(anonymous_46)
FN:424,(anonymous_47)
FN:428,(anonymous_48)
FN:432,(anonymous_49)
FN:433,(anonymous_50)
FN:439,(anonymous_51)
FN:441,(anonymous_52)
FN:445,(anonymous_53)
FN:448,(anonymous_54)
FN:449,(anonymous_55)
FN:454,(anonymous_56)
FN:460,(anonymous_57)
FN:466,(anonymous_58)
FN:476,(anonymous_59)
FN:481,tb
FN:487,(anonymous_61)
FN:493,(anonymous_62)
FN:497,(anonymous_63)
FN:499,(anonymous_64)
FN:535,(anonymous_65)
FN:546,(anonymous_66)
FN:602,(anonymous_67)
FN:606,(anonymous_68)
FN:627,(anonymous_69)
FN:637,(anonymous_70)
FN:647,(anonymous_71)
FN:678,(anonymous_72)
FN:683,(anonymous_73)
FN:694,(anonymous_74)
FN:707,(anonymous_75)
FN:715,(anonymous_76)
FN:725,(anonymous_77)
FN:733,(anonymous_78)
FN:743,(anonymous_79)
FN:748,(anonymous_80)
FN:751,(anonymous_81)
FN:765,(anonymous_82)
FN:782,(anonymous_83)
FN:789,(anonymous_84)
FN:792,(anonymous_85)
FN:795,(anonymous_86)
FN:799,(anonymous_87)
FN:806,(anonymous_88)
FN:809,b
FN:821,(anonymous_90)
FN:828,(anonymous_91)
FN:831,(anonymous_92)
FN:835,(anonymous_93)
FN:838,(anonymous_94)
FN:841,(anonymous_95)
FN:848,(anonymous_96)
FNF:96
FNH:4
FNDA:0,(anonymous_1)
FNDA:0,(anonymous_2)
FNDA:0,deactivateAllTabs
FNDA:2,NinjaSlider
FNDA:0,(anonymous_5)
FNDA:0,(anonymous_6)
FNDA:0,(anonymous_7)
FNDA:0,(anonymous_8)
FNDA:0,(anonymous_9)
FNDA:0,(anonymous_10)
FNDA:0,(anonymous_11)
FNDA:2,(anonymous_12)
FNDA:0,(anonymous_13)
FNDA:0,(anonymous_14)
FNDA:0,(anonymous_15)
FNDA:0,(anonymous_16)
FNDA:0,(anonymous_17)
FNDA:0,(anonymous_18)
FNDA:0,(anonymous_19)
FNDA:0,(anonymous_20)
FNDA:0,(anonymous_21)
FNDA:2,(anonymous_22)
FNDA:0,(anonymous_23)
FNDA:0,(anonymous_24)
FNDA:0,(anonymous_25)
FNDA:0,(anonymous_26)
FNDA:0,(anonymous_27)
FNDA:0,(anonymous_28)
FNDA:0,(anonymous_29)
FNDA:0,(anonymous_30)
FNDA:0,(anonymous_31)
FNDA:0,(anonymous_32)
FNDA:0,(anonymous_33)
FNDA:0,(anonymous_34)
FNDA:0,(anonymous_35)
FNDA:0,(anonymous_36)
FNDA:0,(anonymous_37)
FNDA:0,(anonymous_38)
FNDA:0,(anonymous_39)
FNDA:0,(anonymous_40)
FNDA:0,(anonymous_41)
FNDA:0,(anonymous_42)
FNDA:0,(anonymous_43)
FNDA:0,(anonymous_44)
FNDA:0,(anonymous_45)
FNDA:0,(anonymous_46)
FNDA:0,(anonymous_47)
FNDA:0,(anonymous_48)
FNDA:0,(anonymous_49)
FNDA:0,(anonymous_50)
FNDA:0,(anonymous_51)
FNDA:0,(anonymous_52)
FNDA:0,(anonymous_53)
FNDA:0,(anonymous_54)
FNDA:0,(anonymous_55)
FNDA:0,(anonymous_56)
FNDA:0,(anonymous_57)
FNDA:0,(anonymous_58)
FNDA:0,(anonymous_59)
FNDA:0,tb
FNDA:0,(anonymous_61)
FNDA:0,(anonymous_62)
FNDA:0,(anonymous_63)
FNDA:0,(anonymous_64)
FNDA:0,(anonymous_65)
FNDA:0,(anonymous_66)
FNDA:0,(anonymous_67)
FNDA:0,(anonymous_68)
FNDA:0,(anonymous_69)
FNDA:0,(anonymous_70)
FNDA:0,(anonymous_71)
FNDA:0,(anonymous_72)
FNDA:0,(anonymous_73)
FNDA:0,(anonymous_74)
FNDA:0,(anonymous_75)
FNDA:0,(anonymous_76)
FNDA:0,(anonymous_77)
FNDA:0,(anonymous_78)
FNDA:0,(anonymous_79)
FNDA:0,(anonymous_80)
FNDA:0,(anonymous_81)
FNDA:0,(anonymous_82)
FNDA:0,(anonymous_83)
FNDA:0,(anonymous_84)
FNDA:0,(anonymous_85)
FNDA:0,(anonymous_86)
FNDA:0,(anonymous_87)
FNDA:2,(anonymous_88)
FNDA:0,b
FNDA:0,(anonymous_90)
FNDA:0,(anonymous_91)
FNDA:0,(anonymous_92)
FNDA:0,(anonymous_93)
FNDA:0,(anonymous_94)
FNDA:0,(anonymous_95)
FNDA:0,(anonymous_96)
DA:5,2
DA:6,0
DA:8,0
DA:11,0
DA:13,0
DA:15,0
DA:17,0
DA:20,0
DA:22,0
DA:23,0
DA:26,1
DA:27,0
DA:30,0
DA:31,0
DA:32,0
DA:39,2
DA:56,2
DA:59,1
DA:61,2
DA:62,0
DA:64,2
DA:66,0
DA:68,0
DA:69,0
DA:70,0
DA:73,0
DA:74,0
DA:75,0
DA:76,0
DA:80,0
DA:81,0
DA:84,0
DA:85,0
DA:88,0
DA:89,0
DA:90,0
DA:93,0
DA:94,0
DA:95,0
DA:98,2
DA:99,2
DA:100,2
DA:101,2
DA:102,2
DA:103,0
DA:106,0
DA:110,0
DA:111,0
DA:114,0
DA:127,2
DA:128,2
DA:130,2
DA:131,0
DA:132,0
DA:133,0
DA:134,0
DA:135,0
DA:136,0
DA:137,0
DA:138,0
DA:139,0
DA:141,0
DA:142,0
DA:143,0
DA:145,0
DA:147,0
DA:149,0
DA:150,0
DA:152,0
DA:153,0
DA:155,0
DA:157,0
DA:160,0
DA:161,0
DA:162,0
DA:163,0
DA:168,0
DA:169,0
DA:170,0
DA:171,0
DA:174,0
DA:175,0
DA:176,0
DA:180,0
DA:181,0
DA:182,0
DA:183,0
DA:184,0
DA:185,0
DA:189,0
DA:191,0
DA:192,0
DA:193,0
DA:194,0
DA:195,0
DA:196,0
DA:197,0
DA:200,0
DA:201,0
DA:203,0
DA:204,0
DA:207,0
DA:214,2
DA:217,2
DA:218,2
DA:219,0
DA:220,0
DA:223,0
DA:224,0
DA:225,0
DA:226,0
DA:229,0
DA:230,0
DA:231,0
DA:234,0
DA:235,0
DA:236,0
DA:237,0
DA:240,0
DA:241,0
DA:242,0
DA:243,0
DA:247,0
DA:250,0
DA:251,0
DA:254,0
DA:255,0
DA:256,0
DA:257,0
DA:258,0
DA:263,0
DA:264,0
DA:265,0
DA:268,0
DA:269,0
DA:270,0
DA:273,0
DA:275,0
DA:276,0
DA:277,0
DA:278,0
DA:279,0
DA:282,0
DA:285,0
DA:288,0
DA:289,0
DA:291,0
DA:294,0
DA:295,0
DA:296,0
DA:297,0
DA:298,0
DA:299,0
DA:300,0
DA:301,0
DA:302,0
DA:303,0
DA:305,0
DA:308,0
DA:309,0
DA:310,0
DA:311,0
DA:312,0
DA:313,0
DA:314,0
DA:317,0
DA:318,0
DA:321,0
DA:323,0
DA:324,0
DA:327,0
DA:328,0
DA:336,0
DA:339,0
DA:340,0
DA:341,0
DA:345,0
DA:346,0
DA:347,0
DA:351,0
DA:352,0
DA:354,0
DA:355,0
DA:356,0
DA:357,0
DA:358,0
DA:359,0
DA:360,0
DA:361,0
DA:362,0
DA:363,0
DA:364,0
DA:365,0
DA:366,0
DA:367,0
DA:372,0
DA:373,0
DA:375,0
DA:376,0
DA:377,0
DA:378,0
DA:379,0
DA:380,0
DA:382,0
DA:383,0
DA:384,0
DA:385,0
DA:388,0
DA:389,0
DA:390,0
DA:391,0
DA:392,0
DA:393,0
DA:394,0
DA:395,0
DA:396,0
DA:397,0
DA:398,0
DA:400,0
DA:401,0
DA:402,0
DA:406,0
DA:407,0
DA:408,0
DA:409,0
DA:410,0
DA:411,0
DA:412,0
DA:414,0
DA:415,0
DA:416,0
DA:417,0
DA:420,0
DA:422,0
DA:425,0
DA:426,0
DA:429,0
DA:430,0
DA:433,0
DA:434,0
DA:436,0
DA:437,0
DA:440,0
DA:441,0
DA:442,0
DA:446,0
DA:449,0
DA:450,0
DA:451,0
DA:455,0
DA:456,0
DA:457,0
DA:458,0
DA:461,0
DA:462,0
DA:463,0
DA:464,0
DA:467,0
DA:468,0
DA:469,0
DA:470,0
DA:471,0
DA:473,0
DA:474,0
DA:477,0
DA:478,0
DA:481,1
DA:482,0
DA:483,0
DA:484,0
DA:485,0
DA:487,2
DA:488,0
DA:489,0
DA:490,0
DA:491,0
DA:492,0
DA:493,0
DA:494,0
DA:495,0
DA:497,0
DA:498,0
DA:499,0
DA:500,0
DA:504,0
DA:505,0
DA:506,0
DA:507,0
DA:508,0
DA:509,0
DA:510,0
DA:511,0
DA:512,0
DA:513,0
DA:514,0
DA:515,0
DA:516,0
DA:517,0
DA:518,0
DA:519,0
DA:520,0
DA:521,0
DA:522,0
DA:523,0
DA:524,0
DA:525,0
DA:527,0
DA:528,0
DA:530,0
DA:531,0
DA:533,0
DA:534,0
DA:535,0
DA:536,0
DA:538,0
DA:539,0
DA:542,0
DA:544,0
DA:547,0
DA:548,0
DA:549,0
DA:550,0
DA:551,0
DA:552,0
DA:553,0
DA:554,0
DA:555,0
DA:556,0
DA:557,0
DA:558,0
DA:559,0
DA:560,0
DA:561,0
DA:562,0
DA:563,0
DA:564,0
DA:566,0
DA:567,0
DA:568,0
DA:569,0
DA:570,0
DA:571,0
DA:573,0
DA:574,0
DA:577,0
DA:578,0
DA:580,0
DA:581,0
DA:583,0
DA:585,0
DA:586,0
DA:589,0
DA:590,0
DA:592,0
DA:593,0
DA:595,0
DA:597,0
DA:598,0
DA:599,0
DA:600,0
DA:603,0
DA:604,0
DA:607,0
DA:612,0
DA:613,0
DA:614,0
DA:615,0
DA:616,0
DA:617,0
DA:618,0
DA:619,0
DA:620,0
DA:621,0
DA:622,0
DA:623,0
DA:624,0
DA:628,0
DA:629,0
DA:630,0
DA:631,0
DA:632,0
DA:633,0
DA:638,0
DA:639,0
DA:640,0
DA:641,0
DA:642,0
DA:643,0
DA:644,0
DA:645,0
DA:646,0
DA:647,0
DA:648,0
DA:650,0
DA:651,0
DA:653,0
DA:654,0
DA:655,0
DA:656,0
DA:657,0
DA:658,0
DA:659,0
DA:660,0
DA:661,0
DA:663,0
DA:664,0
DA:666,0
DA:668,0
DA:669,0
DA:671,0
DA:672,0
DA:673,0
DA:674,0
DA:675,0
DA:676,0
DA:677,0
DA:678,0
DA:679,0
DA:682,2
DA:684,0
DA:686,0
DA:687,0
DA:688,0
DA:689,0
DA:690,0
DA:691,0
DA:695,0
DA:696,0
DA:697,0
DA:698,0
DA:699,0
DA:700,0
DA:701,0
DA:702,0
DA:703,0
DA:705,0
DA:708,0
DA:709,0
DA:711,0
DA:712,0
DA:713,0
DA:716,0
DA:718,0
DA:719,0
DA:720,0
DA:721,0
DA:723,0
DA:724,0
DA:725,0
DA:726,0
DA:727,0
DA:728,0
DA:731,0
DA:734,0
DA:735,0
DA:736,0
DA:737,0
DA:738,0
DA:740,0
DA:741,0
DA:742,0
DA:743,0
DA:744,0
DA:745,0
DA:748,0
DA:749,0
DA:751,0
DA:752,0
DA:754,0
DA:756,0
DA:758,0
DA:759,0
DA:760,0
DA:761,0
DA:762,0
DA:764,0
DA:765,0
DA:766,0
DA:767,0
DA:768,0
DA:769,0
DA:771,0
DA:772,0
DA:774,0
DA:775,0
DA:776,0
DA:777,0
DA:778,0
DA:779,0
DA:782,0
DA:783,0
DA:790,0
DA:793,0
DA:796,0
DA:799,2
DA:800,0
DA:801,0
DA:802,0
DA:803,0
DA:807,2
DA:809,1
DA:810,0
DA:811,0
DA:812,0
DA:814,2
DA:815,0
DA:817,2
DA:818,2
DA:819,2
DA:820,2
DA:822,0
DA:823,0
DA:824,0
DA:825,0
DA:829,0
DA:832,0
DA:836,0
DA:839,0
DA:842,0
DA:843,0
DA:844,0
DA:845,0
DA:849,0
DA:850,0
LF:524
LH:29
BRDA:15,1,0,0
BRDA:15,1,1,0
BRDA:61,2,0,0
BRDA:61,2,1,2
BRDA:68,3,0,0
BRDA:68,3,1,0
BRDA:69,4,0,0
BRDA:69,4,1,0
BRDA:74,5,0,0
BRDA:74,5,1,0
BRDA:74,6,0,0
BRDA:74,6,1,0
BRDA:76,7,0,0
BRDA:76,7,1,0
BRDA:80,8,0,0
BRDA:80,8,1,0
BRDA:81,9,0,0
BRDA:81,9,1,0
BRDA:84,10,0,0
BRDA:84,10,1,0
BRDA:84,11,0,0
BRDA:84,11,1,0
BRDA:85,12,0,0
BRDA:85,12,1,0
BRDA:88,13,0,0
BRDA:88,13,1,0
BRDA:89,14,0,0
BRDA:89,14,1,0
BRDA:90,15,0,0
BRDA:90,15,1,0
BRDA:93,16,0,0
BRDA:93,16,1,0
BRDA:99,17,0,2
BRDA:99,17,1,0
BRDA:102,18,0,2
BRDA:102,18,1,0
BRDA:110,19,0,0
BRDA:110,19,1,0
BRDA:127,20,0,2
BRDA:127,20,1,2
BRDA:127,20,2,0
BRDA:127,20,3,0
BRDA:128,21,0,2
BRDA:128,21,1,2
BRDA:128,21,2,0
BRDA:128,21,3,2
BRDA:131,22,0,0
BRDA:131,22,1,0
BRDA:132,23,0,0
BRDA:132,23,1,0
BRDA:136,24,0,0
BRDA:136,24,1,0
BRDA:147,25,0,0
BRDA:147,25,1,0
BRDA:147,25,2,0
BRDA:161,26,0,0
BRDA:161,26,1,0
BRDA:161,27,0,0
BRDA:161,27,1,0
BRDA:162,28,0,0
BRDA:162,28,1,0
BRDA:174,29,0,0
BRDA:174,29,1,0
BRDA:174,30,0,0
BRDA:174,30,1,0
BRDA:174,30,2,0
BRDA:174,30,3,0
BRDA:175,31,0,0
BRDA:175,31,1,0
BRDA:180,32,0,0
BRDA:180,32,1,0
BRDA:180,33,0,0
BRDA:180,33,1,0
BRDA:181,34,0,0
BRDA:181,34,1,0
BRDA:181,35,0,0
BRDA:181,35,1,0
BRDA:182,36,0,0
BRDA:182,36,1,0
BRDA:190,37,0,0
BRDA:190,37,1,0
BRDA:190,37,2,0
BRDA:191,38,0,0
BRDA:191,38,1,0
BRDA:191,38,2,0
BRDA:191,38,3,0
BRDA:192,39,0,0
BRDA:192,39,1,0
BRDA:193,40,0,0
BRDA:193,40,1,0
BRDA:194,41,0,0
BRDA:194,41,1,0
BRDA:225,42,0,0
BRDA:225,42,1,0
BRDA:230,43,0,0
BRDA:230,43,1,0
BRDA:230,44,0,0
BRDA:230,44,1,0
BRDA:234,45,0,0
BRDA:234,45,1,0
BRDA:235,46,0,0
BRDA:235,46,1,0
BRDA:236,47,0,0
BRDA:236,47,1,0
BRDA:240,48,0,0
BRDA:240,48,1,0
BRDA:242,49,0,0
BRDA:242,49,1,0
BRDA:256,50,0,0
BRDA:256,50,1,0
BRDA:258,51,0,0
BRDA:258,51,1,0
BRDA:285,52,0,0
BRDA:285,52,1,0
BRDA:288,53,0,0
BRDA:288,53,1,0
BRDA:298,54,0,0
BRDA:298,54,1,0
BRDA:328,55,0,0
BRDA:328,55,1,0
BRDA:336,56,0,0
BRDA:336,56,1,0
BRDA:336,57,0,0
BRDA:336,57,1,0
BRDA:339,58,0,0
BRDA:339,58,1,0
BRDA:341,59,0,0
BRDA:341,59,1,0
BRDA:345,60,0,0
BRDA:345,60,1,0
BRDA:345,61,0,0
BRDA:345,61,1,0
BRDA:347,62,0,0
BRDA:347,62,1,0
BRDA:351,63,0,0
BRDA:351,63,1,0
BRDA:354,64,0,0
BRDA:354,64,1,0
BRDA:355,65,0,0
BRDA:355,65,1,0
BRDA:356,66,0,0
BRDA:356,66,1,0
BRDA:358,67,0,0
BRDA:358,67,1,0
BRDA:361,68,0,0
BRDA:361,68,1,0
BRDA:363,69,0,0
BRDA:363,69,1,0
BRDA:364,70,0,0
BRDA:364,70,1,0
BRDA:365,71,0,0
BRDA:365,71,1,0
BRDA:365,72,0,0
BRDA:365,72,1,0
BRDA:373,73,0,0
BRDA:373,73,1,0
BRDA:375,74,0,0
BRDA:375,74,1,0
BRDA:377,75,0,0
BRDA:377,75,1,0
BRDA:380,76,0,0
BRDA:380,76,1,0
BRDA:383,77,0,0
BRDA:383,77,1,0
BRDA:383,78,0,0
BRDA:383,78,1,0
BRDA:388,79,0,0
BRDA:388,79,1,0
BRDA:389,80,0,0
BRDA:389,80,1,0
BRDA:394,81,0,0
BRDA:394,81,1,0
BRDA:395,82,0,0
BRDA:395,82,1,0
BRDA:395,83,0,0
BRDA:395,83,1,0
BRDA:396,84,0,0
BRDA:396,84,1,0
BRDA:397,85,0,0
BRDA:397,85,1,0
BRDA:397,86,0,0
BRDA:397,86,1,0
BRDA:400,87,0,0
BRDA:400,87,1,0
BRDA:407,88,0,0
BRDA:407,88,1,0
BRDA:410,89,0,0
BRDA:410,89,1,0
BRDA:411,90,0,0
BRDA:411,90,1,0
BRDA:422,91,0,0
BRDA:422,91,1,0
BRDA:422,91,2,0
BRDA:426,92,0,0
BRDA:426,92,1,0
BRDA:429,93,0,0
BRDA:429,93,1,0
BRDA:440,94,0,0
BRDA:440,94,1,0
BRDA:440,95,0,0
BRDA:440,95,1,0
BRDA:441,96,0,0
BRDA:441,96,1,0
BRDA:446,97,0,0
BRDA:446,97,1,0
BRDA:455,98,0,0
BRDA:455,98,1,0
BRDA:455,99,0,0
BRDA:455,99,1,0
BRDA:456,100,0,0
BRDA:456,100,1,0
BRDA:457,101,0,0
BRDA:457,101,1,0
BRDA:457,101,2,0
BRDA:462,102,0,0
BRDA:462,102,1,0
BRDA:463,103,0,0
BRDA:463,103,1,0
BRDA:467,104,0,0
BRDA:467,104,1,0
BRDA:468,105,0,0
BRDA:468,105,1,0
BRDA:469,106,0,0
BRDA:469,106,1,0
BRDA:469,107,0,0
BRDA:469,107,1,0
BRDA:482,108,0,0
BRDA:482,108,1,0
BRDA:484,109,0,0
BRDA:484,109,1,0
BRDA:485,110,0,0
BRDA:485,110,1,0
BRDA:492,111,0,0
BRDA:492,111,1,0
BRDA:492,112,0,0
BRDA:492,112,1,0
BRDA:498,113,0,0
BRDA:498,113,1,0
BRDA:498,114,0,0
BRDA:498,114,1,0
BRDA:504,115,0,0
BRDA:504,115,1,0
BRDA:507,116,0,0
BRDA:507,116,1,0
BRDA:508,117,0,0
BRDA:508,117,1,0
BRDA:511,118,0,0
BRDA:511,118,1,0
BRDA:512,119,0,0
BRDA:512,119,1,0
BRDA:513,120,0,0
BRDA:513,120,1,0
BRDA:513,121,0,0
BRDA:513,121,1,0
BRDA:514,122,0,0
BRDA:514,122,1,0
BRDA:515,123,0,0
BRDA:515,123,1,0
BRDA:516,124,0,0
BRDA:516,124,1,0
BRDA:520,125,0,0
BRDA:520,125,1,0
BRDA:520,126,0,0
BRDA:520,126,1,0
BRDA:530,127,0,0
BRDA:530,127,1,0
BRDA:530,127,2,0
BRDA:530,127,3,0
BRDA:531,128,0,0
BRDA:531,128,1,0
BRDA:536,129,0,0
BRDA:536,129,1,0
BRDA:544,130,0,0
BRDA:544,130,1,0
BRDA:544,130,2,0
BRDA:560,131,0,0
BRDA:560,131,1,0
BRDA:564,132,0,0
BRDA:564,132,1,0
BRDA:567,133,0,0
BRDA:567,133,1,0
BRDA:568,134,0,0
BRDA:568,134,1,0
BRDA:569,135,0,0
BRDA:569,135,1,0
BRDA:574,136,0,0
BRDA:574,136,1,0
BRDA:574,137,0,0
BRDA:574,137,1,0
BRDA:574,137,2,0
BRDA:574,137,3,0
BRDA:586,138,0,0
BRDA:586,138,1,0
BRDA:586,139,0,0
BRDA:586,139,1,0
BRDA:586,139,2,0
BRDA:586,139,3,0
BRDA:599,140,0,0
BRDA:599,140,1,0
BRDA:603,141,0,0
BRDA:603,141,1,0
BRDA:603,142,0,0
BRDA:603,142,1,0
BRDA:611,143,0,0
BRDA:611,143,1,0
BRDA:612,144,0,0
BRDA:612,144,1,0
BRDA:613,145,0,0
BRDA:613,145,1,0
BRDA:615,146,0,0
BRDA:615,146,1,0
BRDA:616,147,0,0
BRDA:616,147,1,0
BRDA:618,148,0,0
BRDA:618,148,1,0
BRDA:619,149,0,0
BRDA:619,149,1,0
BRDA:622,150,0,0
BRDA:622,150,1,0
BRDA:628,151,0,0
BRDA:628,151,1,0
BRDA:630,152,0,0
BRDA:630,152,1,0
BRDA:639,153,0,0
BRDA:639,153,1,0
BRDA:639,154,0,0
BRDA:639,154,1,0
BRDA:639,154,2,0
BRDA:643,155,0,0
BRDA:643,155,1,0
BRDA:643,156,0,0
BRDA:643,156,1,0
BRDA:644,157,0,0
BRDA:644,157,1,0
BRDA:645,158,0,0
BRDA:645,158,1,0
BRDA:645,159,0,0
BRDA:645,159,1,0
BRDA:645,159,2,0
BRDA:651,160,0,0
BRDA:651,160,1,0
BRDA:651,160,2,0
BRDA:653,161,0,0
BRDA:653,161,1,0
BRDA:654,162,0,0
BRDA:654,162,1,0
BRDA:654,163,0,0
BRDA:654,163,1,0
BRDA:654,163,2,0
BRDA:655,164,0,0
BRDA:655,164,1,0
BRDA:656,165,0,0
BRDA:656,165,1,0
BRDA:656,165,2,0
BRDA:657,166,0,0
BRDA:657,166,1,0
BRDA:657,167,0,0
BRDA:657,167,1,0
BRDA:657,167,2,0
BRDA:658,168,0,0
BRDA:658,168,1,0
BRDA:658,169,0,0
BRDA:658,169,1,0
BRDA:659,170,0,0
BRDA:659,170,1,0
BRDA:669,171,0,0
BRDA:669,171,1,0
BRDA:669,171,2,0
BRDA:669,171,3,0
BRDA:669,171,4,0
BRDA:676,172,0,0
BRDA:676,172,1,0
BRDA:676,173,0,0
BRDA:676,173,1,0
BRDA:677,174,0,0
BRDA:677,174,1,0
BRDA:678,175,0,0
BRDA:678,175,1,0
BRDA:691,176,0,0
BRDA:691,176,1,0
BRDA:698,177,0,0
BRDA:698,177,1,0
BRDA:701,178,0,0
BRDA:701,178,1,0
BRDA:705,179,0,0
BRDA:705,179,1,0
BRDA:708,180,0,0
BRDA:708,180,1,0
BRDA:718,181,0,0
BRDA:718,181,1,0
BRDA:723,182,0,0
BRDA:723,182,1,0
BRDA:725,183,0,0
BRDA:725,183,1,0
BRDA:734,184,0,0
BRDA:734,184,1,0
BRDA:736,185,0,0
BRDA:736,185,1,0
BRDA:742,186,0,0
BRDA:742,186,1,0
BRDA:745,187,0,0
BRDA:745,187,1,0
BRDA:758,188,0,0
BRDA:758,188,1,0
BRDA:760,189,0,0
BRDA:760,189,1,0
BRDA:764,190,0,0
BRDA:764,190,1,0
BRDA:767,191,0,0
BRDA:767,191,1,0
BRDA:774,192,0,0
BRDA:774,192,1,0
BRDA:777,193,0,0
BRDA:777,193,1,0
BRDA:778,194,0,0
BRDA:778,194,1,0
BRDA:778,195,0,0
BRDA:778,195,1,0
BRDA:779,196,0,0
BRDA:779,196,1,0
BRDA:783,197,0,0
BRDA:783,197,1,0
BRDA:783,197,2,0
BRDA:796,198,0,0
BRDA:796,198,1,0
BRDA:801,199,0,0
BRDA:801,199,1,0
BRDA:803,200,0,0
BRDA:803,200,1,0
BRDA:810,201,0,0
BRDA:810,201,1,0
BRDA:814,202,0,2
BRDA:814,202,1,0
BRDA:817,203,0,2
BRDA:817,203,1,0
BRDA:818,204,0,0
BRDA:818,204,1,2
BRDA:822,205,0,0
BRDA:822,205,1,0
BRDA:823,206,0,0
BRDA:823,206,1,0
BRDA:842,207,0,0
BRDA:842,207,1,0
BRDA:843,208,0,0
BRDA:843,208,1,0
BRDA:849,209,0,0
BRDA:849,209,1,0
BRDA:850,210,0,0
BRDA:850,210,1,0
BRF:449
BRH:11
end_of_record
